<?xml version="1.0" encoding="UTF-8"?>
<!-- Generated by org.testng.reporters.JUnitReportReporter -->
<testsuite skipped="0" hostname="VAIO" name="com.deepan.learning.jenkins.SampleSeleniumTest" tests="1" failures="0" timestamp="17 Oct 2020 11:08:32 GMT" time="14.543" errors="0">
  <testcase name="validateGoogleId" time="14.543" classname="com.deepan.learning.jenkins.SampleSeleniumTest"/>
</testsuite> <!-- com.deepan.learning.jenkins.SampleSeleniumTest -->
