<?xml version="1.0" encoding="UTF-8"?>
<!-- Generated by org.testng.reporters.JUnitReportReporter -->
<testsuite skipped="0" hostname="VAIO" name="com.deepan.learning.jenkins.JenkinsCalFuncationTest" tests="2" failures="0" timestamp="17 Oct 2020 11:26:32 GMT" time="0.024" errors="0">
  <testcase name="testAdd" time="0.024" classname="com.deepan.learning.jenkins.JenkinsCalFuncationTest"/>
  <testcase name="testSubtract" time="0.000" classname="com.deepan.learning.jenkins.JenkinsCalFuncationTest"/>
</testsuite> <!-- com.deepan.learning.jenkins.JenkinsCalFuncationTest -->
